<<<<<<< 149360f948acfb61b6dc5f2d0b2772d8de6f3313
c:\users\teo\desktop\new folder\new folder\sp4\sp4\sp4\base\debug\vc120.pdb
c:\users\teo\desktop\new folder\new folder\sp4\sp4\sp4\base\debug\vc120.idb
c:\users\teo\desktop\new folder\new folder\sp4\sp4\sp4\base\debug\luausage.obj
c:\users\teo\desktop\new folder\new folder\sp4\sp4\sp4\base\debug\main.obj
c:\users\teo\desktop\new folder\new folder\sp4\sp4\sp4\base\debug\map.obj
c:\users\teo\desktop\new folder\new folder\sp4\sp4\sp4\base\debug\menustate.obj
c:\users\teo\desktop\new folder\new folder\sp4\sp4\sp4\base\debug\mesh.obj
c:\users\teo\desktop\new folder\new folder\sp4\sp4\sp4\base\debug\meshbuilder.obj
c:\users\teo\desktop\new folder\new folder\sp4\sp4\sp4\base\debug\minimap.obj
c:\users\teo\desktop\new folder\new folder\sp4\sp4\sp4\base\debug\particle.obj
c:\users\teo\desktop\new folder\new folder\sp4\sp4\sp4\base\debug\player.obj
c:\users\teo\desktop\new folder\new folder\sp4\sp4\sp4\base\debug\playerinfo.obj
c:\users\teo\desktop\new folder\new folder\sp4\sp4\sp4\base\debug\playinfo3pv.obj
c:\users\teo\desktop\new folder\new folder\sp4\sp4\sp4\base\debug\playstate.obj
c:\users\teo\desktop\new folder\new folder\sp4\sp4\sp4\base\debug\save.obj
c:\users\teo\desktop\new folder\new folder\sp4\sp4\sp4\base\debug\scenemanager2d.obj
c:\users\teo\desktop\new folder\new folder\sp4\sp4\sp4\base\debug\shader.obj
c:\users\teo\desktop\new folder\new folder\sp4\sp4\sp4\base\debug\spriteanimation.obj
c:\users\teo\desktop\new folder\new folder\sp4\sp4\sp4\base\debug\strategy.obj
c:\users\teo\desktop\new folder\new folder\sp4\sp4\sp4\base\debug\strategy_kill.obj
c:\users\teo\desktop\new folder\new folder\sp4\sp4\sp4\base\debug\treasurechest.obj
c:\users\teo\desktop\new folder\new folder\sp4\sp4\sp4\base\debug\utility.obj
c:\users\teo\desktop\new folder\new folder\sp4\sp4\sp4\base\debug\application.obj
c:\users\teo\desktop\new folder\new folder\sp4\sp4\sp4\base\debug\camera.obj
c:\users\teo\desktop\new folder\new folder\sp4\sp4\sp4\base\debug\camera3.obj
c:\users\teo\desktop\new folder\new folder\sp4\sp4\sp4\base\debug\enemy.obj
c:\users\teo\desktop\new folder\new folder\sp4\sp4\sp4\base\debug\gamestatemanager.obj
c:\users\teo\desktop\new folder\new folder\sp4\sp4\sp4\base\debug\goodies.obj
c:\users\teo\desktop\new folder\new folder\sp4\sp4\sp4\base\debug\goodiesfactory.obj
c:\users\teo\desktop\new folder\new folder\sp4\sp4\sp4\base\debug\introstate.obj
c:\users\teo\desktop\new folder\new folder\sp4\sp4\sp4\base\debug\loadobj.obj
c:\users\teo\desktop\new folder\new folder\sp4\sp4\sp4\base\debug\loadtga.obj
c:\users\teo\desktop\new folder\new folder\sp4\sp4\sp4\base\debug\grid.obj
c:\users\teo\desktop\new folder\new folder\sp4\sp4\sp4\base\debug\gridsystem.obj
c:\users\teo\desktop\new folder\new folder\sp4\sp4\sp4\debug\base.exe
c:\users\teo\desktop\new folder\new folder\sp4\sp4\sp4\debug\base.pdb
c:\users\teo\desktop\new folder\new folder\sp4\sp4\sp4\base\debug\base.tlog\cl.command.1.tlog
c:\users\teo\desktop\new folder\new folder\sp4\sp4\sp4\base\debug\base.tlog\cl.read.1.tlog
c:\users\teo\desktop\new folder\new folder\sp4\sp4\sp4\base\debug\base.tlog\cl.write.1.tlog
c:\users\teo\desktop\new folder\new folder\sp4\sp4\sp4\base\debug\base.tlog\link.command.1.tlog
c:\users\teo\desktop\new folder\new folder\sp4\sp4\sp4\base\debug\base.tlog\link.read.1.tlog
c:\users\teo\desktop\new folder\new folder\sp4\sp4\sp4\base\debug\base.tlog\link.write.1.tlog
=======
c:\users\angus_000\desktop\documents\sp4\base\debug\vc120.pdb
c:\users\angus_000\desktop\documents\sp4\base\debug\vc120.idb
c:\users\angus_000\desktop\documents\sp4\base\debug\map.obj
c:\users\angus_000\desktop\documents\sp4\base\debug\menustate.obj
c:\users\angus_000\desktop\documents\sp4\base\debug\mesh.obj
c:\users\angus_000\desktop\documents\sp4\base\debug\meshbuilder.obj
c:\users\angus_000\desktop\documents\sp4\base\debug\minimap.obj
c:\users\angus_000\desktop\documents\sp4\base\debug\optionstate.obj
c:\users\angus_000\desktop\documents\sp4\base\debug\pathfinding.obj
c:\users\angus_000\desktop\documents\sp4\base\debug\player.obj
c:\users\angus_000\desktop\documents\sp4\base\debug\playerinfo.obj
c:\users\angus_000\desktop\documents\sp4\base\debug\playinfo3pv.obj
c:\users\angus_000\desktop\documents\sp4\base\debug\playstate.obj
c:\users\angus_000\desktop\documents\sp4\base\debug\save.obj
c:\users\angus_000\desktop\documents\sp4\base\debug\scenemanager2d.obj
c:\users\angus_000\desktop\documents\sp4\base\debug\shader.obj
c:\users\angus_000\desktop\documents\sp4\base\debug\soundmanager.obj
c:\users\angus_000\desktop\documents\sp4\base\debug\spriteanimation.obj
c:\users\angus_000\desktop\documents\sp4\base\debug\strategy.obj
c:\users\angus_000\desktop\documents\sp4\base\debug\strategy_kill.obj
c:\users\angus_000\desktop\documents\sp4\base\debug\treasurechest.obj
c:\users\angus_000\desktop\documents\sp4\base\debug\utility.obj
c:\users\angus_000\desktop\documents\sp4\base\debug\ai.obj
c:\users\angus_000\desktop\documents\sp4\base\debug\application.obj
c:\users\angus_000\desktop\documents\sp4\base\debug\camera.obj
c:\users\angus_000\desktop\documents\sp4\base\debug\camera3.obj
c:\users\angus_000\desktop\documents\sp4\base\debug\character.obj
c:\users\angus_000\desktop\documents\sp4\base\debug\enemy.obj
c:\users\angus_000\desktop\documents\sp4\base\debug\gamestatemanager.obj
c:\users\angus_000\desktop\documents\sp4\base\debug\goodies.obj
c:\users\angus_000\desktop\documents\sp4\base\debug\goodiesfactory.obj
c:\users\angus_000\desktop\documents\sp4\base\debug\grid.obj
c:\users\angus_000\desktop\documents\sp4\base\debug\gridsystem.obj
c:\users\angus_000\desktop\documents\sp4\base\debug\highscore.obj
c:\users\angus_000\desktop\documents\sp4\base\debug\highscoredata.obj
c:\users\angus_000\desktop\documents\sp4\base\debug\highscorestate.obj
c:\users\angus_000\desktop\documents\sp4\base\debug\instructionstate.obj
c:\users\angus_000\desktop\documents\sp4\base\debug\loadobj.obj
c:\users\angus_000\desktop\documents\sp4\base\debug\loadtga.obj
c:\users\angus_000\desktop\documents\sp4\base\debug\luausage.obj
c:\users\angus_000\desktop\documents\sp4\base\debug\main.obj
c:\users\angus_000\desktop\documents\sp4\debug\base.exe
c:\users\angus_000\desktop\documents\sp4\debug\base.pdb
c:\users\angus_000\desktop\documents\sp4\base\debug\base.tlog\cl.command.1.tlog
c:\users\angus_000\desktop\documents\sp4\base\debug\base.tlog\cl.read.1.tlog
c:\users\angus_000\desktop\documents\sp4\base\debug\base.tlog\cl.write.1.tlog
c:\users\angus_000\desktop\documents\sp4\base\debug\base.tlog\link.command.1.tlog
c:\users\angus_000\desktop\documents\sp4\base\debug\base.tlog\link.read.1.tlog
c:\users\angus_000\desktop\documents\sp4\base\debug\base.tlog\link.write.1.tlog
>>>>>>> a5f3d7a7b44fbea545ae69cd81ee360d7306aa2a
