Build started 2/17/2016 2:56:59 AM.
     1>Project "C:\Users\Tammie\Desktop\SP4\Base\Base.vcxproj" on node 2 (Build target(s)).
     1>ClCompile:
         C:\Program Files (x86)\Microsoft Visual Studio 12.0\VC\bin\CL.exe /c /IC:\Users\Tammie\Desktop\SP4\/Common/Source /IC:\Users\Tammie\Desktop\SP4\/glew/include /IC:\Users\Tammie\Desktop\SP4\/glfw/include /ZI /nologo /W3 /WX- /Od /Oy- /D _VARIADIC_MAX=10 /D WIN32 /D _DEBUG /D _CONSOLE /D _CRTDBG_MAP_ALLOC /D _UNICODE /D UNICODE /Gm /EHsc /RTC1 /MDd /GS /fp:precise /Zc:wchar_t /Zc:forScope /Fo"Debug\\" /Fd"Debug\vc120.pdb" /Gd /TP /analyze- /errorReport:prompt Source\Application.cpp Source\Camera.cpp Source\Camera3.cpp Source\HighscoreState.cpp Source\MenuState.cpp Source\OptionState.cpp Source\PlayState.cpp Source\SceneManager.cpp Source\SceneManager2D.cpp Source\main.cpp
         Application.cpp
     1>c:\users\tammie\desktop\sp4\base\source\application.cpp(14): warning C4005: '_CRTDBG_MAP_ALLOC' : macro redefinition
                 command-line arguments :  see previous definition of '_CRTDBG_MAP_ALLOC'
         Generating Code...
         Skipping... (no relevant changes detected)
         main.cpp
         SceneManager2D.cpp
         SceneManager.cpp
         PlayState.cpp
         OptionState.cpp
         MenuState.cpp
         HighscoreState.cpp
         Camera3.cpp
         Camera.cpp
       Link:
         C:\Program Files (x86)\Microsoft Visual Studio 12.0\VC\bin\link.exe /ERRORREPORT:PROMPT /OUT:"C:\Users\Tammie\Desktop\SP4\Debug\Base.exe" /INCREMENTAL:NO /NOLOGO /LIBPATH:C:\Users\Tammie\Desktop\SP4\Debug /LIBPATH:"C:\Users\Tammie\Desktop\SP4\/glfw/lib-msvc100" /LIBPATH:C:\Users\Tammie\Desktop\SP4\/glew/lib Common.lib winmm.lib opengl32.lib glu32.lib glew32.lib glfw3.lib kernel32.lib user32.lib gdi32.lib winspool.lib comdlg32.lib advapi32.lib shell32.lib ole32.lib oleaut32.lib uuid.lib odbc32.lib odbccp32.lib /MANIFEST /MANIFESTUAC:"level='asInvoker' uiAccess='false'" /manifest:embed /DEBUG /PDB:"C:\Users\Tammie\Desktop\SP4\Debug\Base.pdb" /SUBSYSTEM:CONSOLE /TLBID:1 /DYNAMICBASE /NXCOMPAT /IMPLIB:"C:\Users\Tammie\Desktop\SP4\Debug\Base.lib" /MACHINE:X86 Debug\Application.obj
         Debug\Camera.obj
         Debug\Camera3.obj
         Debug\Enemy.obj
         Debug\GameStateManager.obj
         Debug\Goodies.obj
         Debug\GoodiesFactory.obj
         Debug\HighscoreState.obj
         Debug\LoadOBJ.obj
         Debug\LoadTGA.obj
         Debug\main.obj
         Debug\Map.obj
         Debug\MenuState.obj
         Debug\Mesh.obj
         Debug\MeshBuilder.obj
         Debug\Minimap.obj
         Debug\OptionState.obj
         Debug\PlayerInfo.obj
         Debug\PlayInfo3PV.obj
         Debug\PlayState.obj
         Debug\SceneManager.obj
         Debug\SceneManager2D.obj
         Debug\shader.obj
         Debug\Strategy.obj
         Debug\Strategy_Kill.obj
         Debug\TreasureChest.obj
         Debug\Utility.obj
     1>Application.obj : warning LNK4075: ignoring '/EDITANDCONTINUE' due to '/OPT:LBR' specification
     1>LINK : warning LNK4098: defaultlib 'MSVCRT' conflicts with use of other libs; use /NODEFAULTLIB:library
         Base.vcxproj -> C:\Users\Tammie\Desktop\SP4\Debug\Base.exe
     1>Done Building Project "C:\Users\Tammie\Desktop\SP4\Base\Base.vcxproj" (Build target(s)).

Build succeeded.

Time Elapsed 00:00:02.27
